[debug] [2024-08-02T12:29:03.596Z] ----------------------------------------------------------------------
[debug] [2024-08-02T12:29:03.599Z] Command:       /home/emenike/.nvm/versions/node/v22.5.1/bin/node /home/emenike/.nvm/versions/node/v22.5.1/bin/firebase init
[debug] [2024-08-02T12:29:03.599Z] CLI Version:   13.14.2
[debug] [2024-08-02T12:29:03.599Z] Platform:      linux
[debug] [2024-08-02T12:29:03.599Z] Node Version:  v22.5.1
[debug] [2024-08-02T12:29:03.600Z] Time:          Fri Aug 02 2024 13:29:03 GMT+0100 (West Africa Standard Time)
[debug] [2024-08-02T12:29:03.600Z] ----------------------------------------------------------------------
[debug] 
[debug] [2024-08-02T12:29:03.672Z] > command requires scopes: ["email","openid","https://www.googleapis.com/auth/cloudplatformprojects.readonly","https://www.googleapis.com/auth/firebase","https://www.googleapis.com/auth/cloud-platform"]
[debug] [2024-08-02T12:29:03.672Z] > authorizing via signed-in user (emenikenicholas022@gmail.com)
[info] 
     ######## #### ########  ######## ########     ###     ######  ########
     ##        ##  ##     ## ##       ##     ##  ##   ##  ##       ##
     ######    ##  ########  ######   ########  #########  ######  ######
     ##        ##  ##    ##  ##       ##     ## ##     ##       ## ##
     ##       #### ##     ## ######## ########  ##     ##  ######  ########

You're about to initialize a Firebase project in this directory:

  /home/emenike/Projects/game_mining_bot

Before we get started, keep in mind:

  * You are initializing within an existing Firebase project directory

[info] 
=== Project Setup
[info] 
[info] First, let's associate this project directory with a Firebase project.
[info] You can create multiple project aliases by running firebase use --add, 
[info] but for now we'll just set up a default project.
[info] 
[debug] [2024-08-02T12:29:05.543Z] Using project from CLI flag: mining-bot-48179
[debug] [2024-08-02T12:29:05.561Z] >>> [apiv2][query] GET https://firebase.googleapis.com/v1beta1/projects/mining-bot-48179 [none]
[debug] [2024-08-02T12:29:21.279Z] *** [apiv2] error from fetch(https://firebase.googleapis.com/v1beta1/projects/mining-bot-48179, {"headers":{},"method":"GET","signal":{}}): FetchError: request to https://firebase.googleapis.com/v1beta1/projects/mining-bot-48179 failed, reason: getaddrinfo EAI_AGAIN firebase.googleapis.com
[debug] [2024-08-02T12:29:21.279Z] Failed to make request to https://firebase.googleapis.com/v1beta1/projects/mining-bot-48179 (original: request to https://firebase.googleapis.com/v1beta1/projects/mining-bot-48179 failed, reason: getaddrinfo EAI_AGAIN firebase.googleapis.com)
[debug] [2024-08-02T12:29:22.067Z] FirebaseError: Failed to make request to https://firebase.googleapis.com/v1beta1/projects/mining-bot-48179
    at RetryOperation._fn (/home/emenike/.nvm/versions/node/v22.5.1/lib/node_modules/firebase-tools/lib/apiv2.js:259:31)
    at process.processTicksAndRejections (node:internal/process/task_queues:95:5)
[error] 
[error] Error: Failed to get Firebase project mining-bot-48179. Please make sure the project exists and your account has permission to access it.
[debug] [2024-08-02T12:29:34.386Z] ----------------------------------------------------------------------
[debug] [2024-08-02T12:29:34.389Z] Command:       /home/emenike/.nvm/versions/node/v22.5.1/bin/node /home/emenike/.nvm/versions/node/v22.5.1/bin/firebase init
[debug] [2024-08-02T12:29:34.390Z] CLI Version:   13.14.2
[debug] [2024-08-02T12:29:34.390Z] Platform:      linux
[debug] [2024-08-02T12:29:34.390Z] Node Version:  v22.5.1
[debug] [2024-08-02T12:29:34.390Z] Time:          Fri Aug 02 2024 13:29:34 GMT+0100 (West Africa Standard Time)
[debug] [2024-08-02T12:29:34.390Z] ----------------------------------------------------------------------
[debug] 
[debug] [2024-08-02T12:29:34.460Z] > command requires scopes: ["email","openid","https://www.googleapis.com/auth/cloudplatformprojects.readonly","https://www.googleapis.com/auth/firebase","https://www.googleapis.com/auth/cloud-platform"]
[debug] [2024-08-02T12:29:34.461Z] > authorizing via signed-in user (emenikenicholas022@gmail.com)
[info] 
     ######## #### ########  ######## ########     ###     ######  ########
     ##        ##  ##     ## ##       ##     ##  ##   ##  ##       ##
     ######    ##  ########  ######   ########  #########  ######  ######
     ##        ##  ##    ##  ##       ##     ## ##     ##       ## ##
     ##       #### ##     ## ######## ########  ##     ##  ######  ########

You're about to initialize a Firebase project in this directory:

  /home/emenike/Projects/game_mining_bot

Before we get started, keep in mind:

  * You are initializing within an existing Firebase project directory

[info] 
=== Project Setup
[info] 
[info] First, let's associate this project directory with a Firebase project.
[info] You can create multiple project aliases by running firebase use --add, 
[info] but for now we'll just set up a default project.
[info] 
[debug] [2024-08-02T12:29:38.498Z] Using project from CLI flag: mining-bot-48179
[debug] [2024-08-02T12:29:38.508Z] >>> [apiv2][query] GET https://firebase.googleapis.com/v1beta1/projects/mining-bot-48179 [none]
[debug] [2024-08-02T12:29:39.628Z] <<< [apiv2][status] GET https://firebase.googleapis.com/v1beta1/projects/mining-bot-48179 200
[debug] [2024-08-02T12:29:39.629Z] <<< [apiv2][body] GET https://firebase.googleapis.com/v1beta1/projects/mining-bot-48179 {"projectId":"mining-bot-48179","projectNumber":"1068913100428","displayName":"Mining Bot","name":"projects/mining-bot-48179","resources":{"hostingSite":"mining-bot-48179"},"state":"ACTIVE","etag":"1_a276ed83-dbea-4d29-ac84-53f642ca9512"}
[info] i  Using project mining-bot-48179 (Mining Bot) 
[info] 
=== Hosting Setup
[debug] [2024-08-02T12:29:39.643Z] >>> [apiv2][query] GET https://firebase.googleapis.com/v1beta1/projects/mining-bot-48179 [none]
[debug] [2024-08-02T12:29:40.014Z] <<< [apiv2][status] GET https://firebase.googleapis.com/v1beta1/projects/mining-bot-48179 200
[debug] [2024-08-02T12:29:40.014Z] <<< [apiv2][body] GET https://firebase.googleapis.com/v1beta1/projects/mining-bot-48179 {"projectId":"mining-bot-48179","projectNumber":"1068913100428","displayName":"Mining Bot","name":"projects/mining-bot-48179","resources":{"hostingSite":"mining-bot-48179"},"state":"ACTIVE","etag":"1_a276ed83-dbea-4d29-ac84-53f642ca9512"}
[info] 
[info] Your public directory is the folder (relative to your project directory) that
[info] will contain Hosting assets to be uploaded with firebase deploy. If you
[info] have a build process for your assets, use your build's output directory.
[info] 
[debug] [2024-08-02T12:30:08.512Z] >>> [apiv2][query] GET https://www.gstatic.com/firebasejs/releases.json [none]
[debug] [2024-08-02T12:30:09.585Z] <<< [apiv2][status] GET https://www.gstatic.com/firebasejs/releases.json 200
[debug] [2024-08-02T12:30:09.586Z] <<< [apiv2][body] GET https://www.gstatic.com/firebasejs/releases.json {"current":{"version":"10.12.5","browserURL":"https://www.gstatic.com/firebasejs/10.12.5/firebase.js","packageURL":"https://www.gstatic.com/firebasejs/10.12.5/firebase.tgz"},"live":{"version":"10.12","browserURL":"https://www.gstatic.com/firebasejs/live/10.12/firebase.js","packageURL":"https://www.gstatic.com/firebasejs/live/10.12/firebase.tgz"},"components":{"analytics":"https://www.gstatic.com/firebasejs/10.12.5/firebase-analytics.js","app":"https://www.gstatic.com/firebasejs/10.12.5/firebase-app.js","app-check":"https://www.gstatic.com/firebasejs/10.12.5/firebase-app-check.js","auth":"https://www.gstatic.com/firebasejs/10.12.5/firebase-auth.js","auth/cordova":"https://www.gstatic.com/firebasejs/10.12.5/firebase-auth/cordova.js","auth/web-extension":"https://www.gstatic.com/firebasejs/10.12.5/firebase-auth/web-extension.js","functions":"https://www.gstatic.com/firebasejs/10.12.5/firebase-functions.js","firestore":"https://www.gstatic.com/firebasejs/10.12.5/firebase-firestore.js","firestore/lite":"https://www.gstatic.com/firebasejs/10.12.5/firebase-firestore/lite.js","installations":"https://www.gstatic.com/firebasejs/10.12.5/firebase-installations.js","storage":"https://www.gstatic.com/firebasejs/10.12.5/firebase-storage.js","performance":"https://www.gstatic.com/firebasejs/10.12.5/firebase-performance.js","remote-config":"https://www.gstatic.com/firebasejs/10.12.5/firebase-remote-config.js","messaging":"https://www.gstatic.com/firebasejs/10.12.5/firebase-messaging.js","messaging/sw":"https://www.gstatic.com/firebasejs/10.12.5/firebase-messaging/sw.js","database":"https://www.gstatic.com/firebasejs/10.12.5/firebase-database.js","vertexai-preview":"https://www.gstatic.com/firebasejs/10.12.5/firebase-vertexai-preview.js","firestore.memory":"https://www.gstatic.com/firebasejs/10.12.5/firebase-firestore.memory.js"}}
[info] ✔  Wrote app/index.html 
[info] 
[info] i  Detected a .git folder at /home/emenike/Projects/game_mining_bot 
[info] i  Authorizing with GitHub to upload your service account to a GitHub repository's secrets store. 
[info] 
[info] Visit this URL on this device to log in:
[info] https://github.com/login/oauth/authorize?client_id=89cf50f02ac6aaed3484&state=447900111&redirect_uri=http%3A%2F%2Flocalhost%3A9005&scope=read%3Auser%20repo%20public_repo
[info] 
[info] Waiting for authentication...
[debug] [2024-08-02T12:35:13.044Z] >>> [apiv2][query] POST https://github.com/login/oauth/access_token [none]
[debug] [2024-08-02T12:35:13.045Z] >>> [apiv2][body] POST https://github.com/login/oauth/access_token [stream]
[debug] [2024-08-02T12:35:43.089Z] *** [apiv2] error from fetch(https://github.com/login/oauth/access_token, {"headers":{},"method":"POST","body":{"_overheadLength":538,"_valueLength":110,"_valuesToMeasure":[],"writable":false,"readable":true,"dataSize":0,"maxDataSize":2097152,"pauseStreams":true,"_released":true,"_streams":[],"_currentStream":null,"_insideLoop":false,"_pendingNext":false,"_boundary":"--------------------------940235714150118597683678","_events":{},"_eventsCount":1}}): FetchError: request to https://github.com/login/oauth/access_token failed, reason: getaddrinfo EAI_AGAIN github.com
[debug] [2024-08-02T12:35:48.161Z] Error: Timed out.
    at Timeout._onTimeout (/home/emenike/.nvm/versions/node/v22.5.1/lib/node_modules/firebase-tools/lib/utils.js:268:49)
    at listOnTimeout (node:internal/timers:581:17)
    at process.processTimers (node:internal/timers:519:7)
[error] 
[error] Error: An unexpected error has occurred.
